<?xml version="1.0" encoding="UTF-8"?>
<!-- Generated by org.testng.reporters.JUnitXMLReporter -->
<testsuite ignored="0" hostname="Kasras-Air.attlocal.net" failures="0" tests="2" name="Default test" time="46.218" errors="0" timestamp="2023-10-22T18:12:28 CDT">
  <testcase classname="com.TFBanking.qa.testCases.NewDepositTest" name="makeNewDepositTest" time="20.783"/>
  <testcase classname="com.TFBanking.qa.testCases.NewDepositTest" name="makeNewDepositTest" time="20.933"/>
</testsuite> <!-- Default test -->
