<?xml version="1.0" encoding="UTF-8"?>
<!-- Generated by org.testng.reporters.JUnitXMLReporter -->
<testsuite ignored="0" hostname="Kasras-Air.attlocal.net" failures="0" tests="3" name="Test" time="27.171" errors="0" timestamp="2023-10-16T06:55:23 CDT">
  <testcase classname="com.TFBanking.qa.testCases.LoginTest" name="loginTest" time="2.681"/>
  <testcase classname="com.TFBanking.qa.testCases.CalendarTest" name="calendarTest" time="11.616"/>
  <testcase classname="com.TFBanking.qa.testCases.NewDepositTest" name="makeNewDepositTest" time="7.119"/>
</testsuite> <!-- Test -->
